I, [2015-11-18T20:24:07.085496 #31108]  INFO -- : Started POST "/ivr/welcome" for 127.0.0.1 at 2015-11-18 20:24:07 -0500
I, [2015-11-18T20:38:12.178936 #31108]  INFO -- : Started GET "/ivr/welcome" for 72.231.210.206 at 2015-11-18 20:38:12 -0500
I, [2015-11-18T20:38:12.427184 #31108]  INFO -- : Started GET "/favicon.ico" for 72.231.210.206 at 2015-11-18 20:38:12 -0500
F, [2015-11-18T20:38:12.428118 #31108] FATAL -- : 
ActionController::RoutingError (No route matches [GET] "/favicon.ico"):
  actionpack (4.2.5) lib/action_dispatch/middleware/debug_exceptions.rb:21:in `call'
  actionpack (4.2.5) lib/action_dispatch/middleware/show_exceptions.rb:30:in `call'
  railties (4.2.5) lib/rails/rack/logger.rb:38:in `call_app'
  railties (4.2.5) lib/rails/rack/logger.rb:20:in `block in call'
  activesupport (4.2.5) lib/active_support/tagged_logging.rb:68:in `block in tagged'
  activesupport (4.2.5) lib/active_support/tagged_logging.rb:26:in `tagged'
  activesupport (4.2.5) lib/active_support/tagged_logging.rb:68:in `tagged'
  railties (4.2.5) lib/rails/rack/logger.rb:20:in `call'
  actionpack (4.2.5) lib/action_dispatch/middleware/request_id.rb:21:in `call'
  rack (1.6.4) lib/rack/methodoverride.rb:22:in `call'
  rack (1.6.4) lib/rack/runtime.rb:18:in `call'
  activesupport (4.2.5) lib/active_support/cache/strategy/local_cache_middleware.rb:28:in `call'
  rack (1.6.4) lib/rack/sendfile.rb:113:in `call'
  railties (4.2.5) lib/rails/engine.rb:518:in `call'
  railties (4.2.5) lib/rails/application.rb:165:in `call'
  rack (1.6.4) lib/rack/lock.rb:17:in `call'
  rack (1.6.4) lib/rack/content_length.rb:15:in `call'
  rack (1.6.4) lib/rack/handler/webrick.rb:88:in `service'
  /home/karan/.rvm/rubies/ruby-2.2.1/lib/ruby/2.2.0/webrick/httpserver.rb:138:in `service'
  /home/karan/.rvm/rubies/ruby-2.2.1/lib/ruby/2.2.0/webrick/httpserver.rb:94:in `run'
  /home/karan/.rvm/rubies/ruby-2.2.1/lib/ruby/2.2.0/webrick/server.rb:294:in `block in start_thread'


I, [2015-11-18T20:38:20.083210 #31108]  INFO -- : Started GET "/" for 72.231.210.206 at 2015-11-18 20:38:20 -0500
I, [2015-11-18T20:38:20.084284 #31108]  INFO -- : Processing by TwilioController#index as HTML
I, [2015-11-18T20:38:20.090772 #31108]  INFO -- :   Rendered text template (0.0ms)
I, [2015-11-18T20:38:20.090985 #31108]  INFO -- : Completed 200 OK in 7ms (Views: 1.7ms | ActiveRecord: 0.0ms)
